# JRE version: 7.0_11-b21
# Java VM: Java HotSpot(TM) 64-Bit Server VM (23.6-b04 mixed mode windows-amd64 compressed oops)
Heap
 PSYoungGen      total 10240K, used 8933K [0x00000000fa000000, 0x00000000fbb70000, 0x0000000100000000)
  eden space 10048K, 88% used [0x00000000fa000000,0x00000000fa8b96a8,0x00000000fa9d0000)
  from space 192K, 0% used [0x00000000fafd0000,0x00000000fafd0000,0x00000000fb000000)
  to   space 6144K, 0% used [0x00000000fa9d0000,0x00000000fa9d0000,0x00000000fafd0000)
 ParOldGen       total 275072K, used 233132K [0x00000000e8000000, 0x00000000f8ca0000, 0x00000000fa000000)
  object space 275072K, 84% used [0x00000000e8000000,0x00000000f63ab130,0x00000000f8ca0000)
 PSPermGen       total 76992K, used 72666K [0x00000000e0000000, 0x00000000e4b30000, 0x00000000e8000000)
  object space 76992K, 94% used [0x00000000e0000000,0x00000000e46f6b98,0x00000000e4b30000)
GC Heap History (10 events):
Event: 727461.936 GC heap before
{Heap before GC invocations=4683 (full 22):
 PSYoungGen      total 16192K, used 16128K [0x00000000fa000000, 0x00000000fb000000, 0x0000000100000000)
  eden space 16000K, 100% used [0x00000000fa000000,0x00000000fafa0000,0x00000000fafa0000)
  from space 192K, 66% used [0x00000000fafd0000,0x00000000faff0000,0x00000000fb000000)
  to   space 192K, 0% used [0x00000000fafa0000,0x00000000fafa0000,0x00000000fafd0000)
 ParOldGen       total 254912K, used 245735K [0x00000000e8000000, 0x00000000f78f0000, 0x00000000fa000000)
  object space 254912K, 96% used [0x00000000e8000000,0x00000000f6ff9c68,0x00000000f78f0000)
 PSPermGen       total 78208K, used 72681K [0x00000000e0000000, 0x00000000e4c60000, 0x00000000e8000000)
  object space 78208K, 92% used [0x00000000e0000000,0x00000000e46fa6d8,0x00000000e4c60000)
Event: 727461.942 GC heap after
Heap after GC invocations=4683 (full 22):
 PSYoungGen      total 16192K, used 128K [0x00000000fa000000, 0x00000000fb000000, 0x0000000100000000)
  eden space 16000K, 0% used [0x00000000fa000000,0x00000000fa000000,0x00000000fafa0000)
  from space 192K, 66% used [0x00000000fafa0000,0x00000000fafc0000,0x00000000fafd0000)
  to   space 192K, 0% used [0x00000000fafd0000,0x00000000fafd0000,0x00000000fb000000)
 ParOldGen       total 254912K, used 245735K [0x00000000e8000000, 0x00000000f78f0000, 0x00000000fa000000)
  object space 254912K, 96% used [0x00000000e8000000,0x00000000f6ff9c68,0x00000000f78f0000)
 PSPermGen       total 78208K, used 72681K [0x00000000e0000000, 0x00000000e4c60000, 0x00000000e8000000)
  object space 78208K, 92% used [0x00000000e0000000,0x00000000e46fa6d8,0x00000000e4c60000)
}
Event: 727527.936 GC heap before
{Heap before GC invocations=4684 (full 22):
 PSYoungGen      total 16192K, used 16128K [0x00000000fa000000, 0x00000000fb000000, 0x0000000100000000)
  eden space 16000K, 100% used [0x00000000fa000000,0x00000000fafa0000,0x00000000fafa0000)
  from space 192K, 66% used [0x00000000fafa0000,0x00000000fafc0000,0x00000000fafd0000)
  to   space 192K, 0% used [0x00000000fafd0000,0x00000000fafd0000,0x00000000fb000000)
 ParOldGen       total 254912K, used 245735K [0x00000000e8000000, 0x00000000f78f0000, 0x00000000fa000000)
  object space 254912K, 96% used [0x00000000e8000000,0x00000000f6ff9c68,0x00000000f78f0000)
 PSPermGen       total 78208K, used 72681K [0x00000000e0000000, 0x00000000e4c60000, 0x00000000e8000000)
  object space 78208K, 92% used [0x00000000e0000000,0x00000000e46fa6d8,0x00000000e4c60000)
Event: 727527.942 GC heap after
Heap after GC invocations=4684 (full 22):
 PSYoungGen      total 16192K, used 160K [0x00000000fa000000, 0x00000000fb000000, 0x0000000100000000)
  eden space 16000K, 0% used [0x00000000fa000000,0x00000000fa000000,0x00000000fafa0000)
  from space 192K, 83% used [0x00000000fafd0000,0x00000000faff8000,0x00000000fb000000)
  to   space 192K, 0% used [0x00000000fafa0000,0x00000000fafa0000,0x00000000fafd0000)
 ParOldGen       total 254912K, used 245735K [0x00000000e8000000, 0x00000000f78f0000, 0x00000000fa000000)
  object space 254912K, 96% used [0x00000000e8000000,0x00000000f6ff9c68,0x00000000f78f0000)
 PSPermGen       total 78208K, used 72681K [0x00000000e0000000, 0x00000000e4c60000, 0x00000000e8000000)
  object space 78208K, 92% used [0x00000000e0000000,0x00000000e46fa6d8,0x00000000e4c60000)
}
Event: 727593.935 GC heap before
{Heap before GC invocations=4685 (full 22):
 PSYoungGen      total 16192K, used 16160K [0x00000000fa000000, 0x00000000fb000000, 0x0000000100000000)
  eden space 16000K, 100% used [0x00000000fa000000,0x00000000fafa0000,0x00000000fafa0000)
  from space 192K, 83% used [0x00000000fafd0000,0x00000000faff8000,0x00000000fb000000)
  to   space 192K, 0% used [0x00000000fafa0000,0x00000000fafa0000,0x00000000fafd0000)
 ParOldGen       total 254912K, used 245735K [0x00000000e8000000, 0x00000000f78f0000, 0x00000000fa000000)
  object space 254912K, 96% used [0x00000000e8000000,0x00000000f6ff9c68,0x00000000f78f0000)
 PSPermGen       total 78208K, used 72681K [0x00000000e0000000, 0x00000000e4c60000, 0x00000000e8000000)
  object space 78208K, 92% used [0x00000000e0000000,0x00000000e46fa6d8,0x00000000e4c60000)
Event: 727593.938 GC heap after
Heap after GC invocations=4685 (full 22):
 PSYoungGen      total 16192K, used 160K [0x00000000fa000000, 0x00000000fb000000, 0x0000000100000000)
  eden space 16000K, 0% used [0x00000000fa000000,0x00000000fa000000,0x00000000fafa0000)
  from space 192K, 83% used [0x00000000fafa0000,0x00000000fafc8000,0x00000000fafd0000)
  to   space 192K, 0% used [0x00000000fafd0000,0x00000000fafd0000,0x00000000fb000000)
 ParOldGen       total 254912K, used 245735K [0x00000000e8000000, 0x00000000f78f0000, 0x00000000fa000000)
  object space 254912K, 96% used [0x00000000e8000000,0x00000000f6ff9c68,0x00000000f78f0000)
 PSPermGen       total 78208K, used 72681K [0x00000000e0000000, 0x00000000e4c60000, 0x00000000e8000000)
  object space 78208K, 92% used [0x00000000e0000000,0x00000000e46fa6d8,0x00000000e4c60000)
}
Event: 727617.833 GC heap before
{Heap before GC invocations=4686 (full 22):
 PSYoungGen      total 16192K, used 16160K [0x00000000fa000000, 0x00000000fb000000, 0x0000000100000000)
  eden space 16000K, 100% used [0x00000000fa000000,0x00000000fafa0000,0x00000000fafa0000)
  from space 192K, 83% used [0x00000000fafa0000,0x00000000fafc8000,0x00000000fafd0000)
  to   space 192K, 0% used [0x00000000fafd0000,0x00000000fafd0000,0x00000000fb000000)
 ParOldGen       total 254912K, used 245735K [0x00000000e8000000, 0x00000000f78f0000, 0x00000000fa000000)
  object space 254912K, 96% used [0x00000000e8000000,0x00000000f6ff9c68,0x00000000f78f0000)
 PSPermGen       total 78208K, used 72681K [0x00000000e0000000, 0x00000000e4c60000, 0x00000000e8000000)
  object space 78208K, 92% used [0x00000000e0000000,0x00000000e46fa6f8,0x00000000e4c60000)
Event: 727617.840 GC heap after
Heap after GC invocations=4686 (full 22):
 PSYoungGen      total 10240K, used 192K [0x00000000fa000000, 0x00000000fbb70000, 0x0000000100000000)
  eden space 10048K, 0% used [0x00000000fa000000,0x00000000fa000000,0x00000000fa9d0000)
  from space 192K, 100% used [0x00000000fafd0000,0x00000000fb000000,0x00000000fb000000)
  to   space 6144K, 0% used [0x00000000fa9d0000,0x00000000fa9d0000,0x00000000fafd0000)
 ParOldGen       total 265408K, used 261721K [0x00000000e8000000, 0x00000000f8330000, 0x00000000fa000000)
  object space 265408K, 98% used [0x00000000e8000000,0x00000000f7f96548,0x00000000f8330000)
 PSPermGen       total 78208K, used 72681K [0x00000000e0000000, 0x00000000e4c60000, 0x00000000e8000000)
  object space 78208K, 92% used [0x00000000e0000000,0x00000000e46fa6f8,0x00000000e4c60000)
}
Event: 727617.840 GC heap before
{Heap before GC invocations=4687 (full 23):
 PSYoungGen      total 10240K, used 192K [0x00000000fa000000, 0x00000000fbb70000, 0x0000000100000000)
  eden space 10048K, 0% used [0x00000000fa000000,0x00000000fa000000,0x00000000fa9d0000)
  from space 192K, 100% used [0x00000000fafd0000,0x00000000fb000000,0x00000000fb000000)
  to   space 6144K, 0% used [0x00000000fa9d0000,0x00000000fa9d0000,0x00000000fafd0000)
 ParOldGen       total 265408K, used 261721K [0x00000000e8000000, 0x00000000f8330000, 0x00000000fa000000)
  object space 265408K, 98% used [0x00000000e8000000,0x00000000f7f96548,0x00000000f8330000)
 PSPermGen       total 78208K, used 72681K [0x00000000e0000000, 0x00000000e4c60000, 0x00000000e8000000)
  object space 78208K, 92% used [0x00000000e0000000,0x00000000e46fa6f8,0x00000000e4c60000)
Event: 727618.058 GC heap after
Heap after GC invocations=4687 (full 23):
 PSYoungGen      total 10240K, used 0K [0x00000000fa000000, 0x00000000fbb70000, 0x0000000100000000)
  eden space 10048K, 0% used [0x00000000fa000000,0x00000000fa000000,0x00000000fa9d0000)
  from space 192K, 0% used [0x00000000fafd0000,0x00000000fafd0000,0x00000000fb000000)
  to   space 6144K, 0% used [0x00000000fa9d0000,0x00000000fa9d0000,0x00000000fafd0000)
 ParOldGen       total 275072K, used 225204K [0x00000000e8000000, 0x00000000f8ca0000, 0x00000000fa000000)
  object space 275072K, 81% used [0x00000000e8000000,0x00000000f5bed320,0x00000000f8ca0000)
 PSPermGen       total 76992K, used 72666K [0x00000000e0000000, 0x00000000e4b30000, 0x00000000e8000000)
  object space 76992K, 94% used [0x00000000e0000000,0x00000000e46f6b78,0x00000000e4b30000)
}

